<?xml version="1.0" encoding="UTF-8"?>
<robot generator="Robot 3.2.2 (Python 3.8.6 on win32)" generated="20210216 18:49:56.691" rpa="false">
<suite id="s1" name="RF with XML" source="C:\Users\ASEBASTI\PycharmProjects\pythonProject\RobotFramework\RF_with_XML.robot">
<test id="s1-t1" name="TestCase1">
<kw name="Parse Xml" library="XML">
<doc>Parses the given XML file or string into an element structure.</doc>
<arguments>
<arg>employees.xml</arg>
</arguments>
<assign>
<var>${xml_obj}</var>
</assign>
<msg timestamp="20210216 18:49:56.747" level="INFO">${xml_obj} = &lt;Element 'employees' at 0x0000023D85017AE0&gt;</msg>
<status status="PASS" starttime="20210216 18:49:56.746" endtime="20210216 18:49:56.747"></status>
</kw>
<kw name="Get Element Text" library="XML">
<doc>Returns all text of the element, possibly whitespace normalized.</doc>
<arguments>
<arg>${xml_obj}</arg>
<arg>.//employee[1]/FirstName</arg>
</arguments>
<assign>
<var>${emp_firstname}</var>
</assign>
<msg timestamp="20210216 18:49:56.747" level="INFO">${emp_firstname} = John</msg>
<status status="PASS" starttime="20210216 18:49:56.747" endtime="20210216 18:49:56.747"></status>
</kw>
<kw name="Should Be Equal" library="BuiltIn">
<doc>Fails if the given objects are unequal.</doc>
<arguments>
<arg>${emp_firstname}</arg>
<arg>John</arg>
</arguments>
<status status="PASS" starttime="20210216 18:49:56.749" endtime="20210216 18:49:56.749"></status>
</kw>
<status status="PASS" starttime="20210216 18:49:56.746" endtime="20210216 18:49:56.749" critical="yes"></status>
</test>
<status status="PASS" starttime="20210216 18:49:56.694" endtime="20210216 18:49:56.751"></status>
</suite>
<statistics>
<total>
<stat pass="1" fail="0">Critical Tests</stat>
<stat pass="1" fail="0">All Tests</stat>
</total>
<tag>
</tag>
<suite>
<stat pass="1" fail="0" id="s1" name="RF with XML">RF with XML</stat>
</suite>
</statistics>
<errors>
<msg timestamp="20210216 18:49:56.736" level="ERROR">Error in file 'C:\Users\ASEBASTI\PycharmProjects\pythonProject\RobotFramework\RF_with_XML.robot' on line 3: Importing test library 'OS' failed: ModuleNotFoundError: No module named 'OS'
Traceback (most recent call last):
  None
PYTHONPATH:
  C:\Users\ASEBASTI\PycharmProjects\pythonProject\venv\Scripts\robot.exe
  C:\Users\ASEBASTI\AppData\Local\Programs\Python\Python38\python38.zip
  C:\Users\ASEBASTI\AppData\Local\Programs\Python\Python38\DLLs
  C:\Users\ASEBASTI\AppData\Local\Programs\Python\Python38\lib
  C:\Users\ASEBASTI\AppData\Local\Programs\Python\Python38
  c:\users\asebasti\pycharmprojects\pythonproject\venv
  c:\users\asebasti\pycharmprojects\pythonproject\venv\lib\site-packages</msg>
</errors>
</robot>
